<?xml version="1.0" encoding="UTF-8"?>
<coverage generated="1608372003832" clover="3.2.0">
  <project timestamp="1608372003832" name="All files">
    <metrics statements="275" coveredstatements="275" conditionals="119" coveredconditionals="117" methods="33" coveredmethods="33" elements="427" coveredelements="425" complexity="0" loc="275" ncloc="275" packages="1" files="9" classes="9"/>
    <file name="FileReader.js" path="/Users/dancox/Projects/extwee/src/FileReader.js">
      <metrics statements="7" coveredstatements="7" conditionals="2" coveredconditionals="2" methods="1" coveredmethods="1"/>
      <line num="1" count="9" type="stmt"/>
      <line num="16" count="64" type="stmt"/>
      <line num="19" count="64" type="cond" truecount="2" falsecount="0"/>
      <line num="21" count="63" type="stmt"/>
      <line num="23" count="1" type="stmt"/>
      <line num="27" count="63" type="stmt"/>
      <line num="31" count="9" type="stmt"/>
    </file>
    <file name="HTMLParser.js" path="/Users/dancox/Projects/extwee/src/HTMLParser.js">
      <metrics statements="47" coveredstatements="47" conditionals="10" coveredconditionals="10" methods="3" coveredmethods="3"/>
      <line num="6" count="4" type="stmt"/>
      <line num="7" count="4" type="stmt"/>
      <line num="8" count="4" type="stmt"/>
      <line num="9" count="4" type="stmt"/>
      <line num="22" count="16" type="stmt"/>
      <line num="27" count="16" type="stmt"/>
      <line num="37" count="16" type="stmt"/>
      <line num="39" count="16" type="cond" truecount="2" falsecount="0"/>
      <line num="40" count="15" type="stmt"/>
      <line num="41" count="15" type="stmt"/>
      <line num="42" count="15" type="stmt"/>
      <line num="43" count="15" type="stmt"/>
      <line num="45" count="15" type="stmt"/>
      <line num="46" count="15" type="stmt"/>
      <line num="47" count="15" type="stmt"/>
      <line num="48" count="15" type="stmt"/>
      <line num="49" count="15" type="stmt"/>
      <line num="51" count="15" type="stmt"/>
      <line num="53" count="1" type="stmt"/>
      <line num="57" count="15" type="stmt"/>
      <line num="60" count="15" type="stmt"/>
      <line num="62" count="35" type="stmt"/>
      <line num="64" count="35" type="stmt"/>
      <line num="67" count="35" type="stmt"/>
      <line num="70" count="35" type="stmt"/>
      <line num="73" count="35" type="stmt"/>
      <line num="76" count="35" type="stmt"/>
      <line num="80" count="35" type="cond" truecount="4" falsecount="0"/>
      <line num="81" count="7" type="stmt"/>
      <line num="85" count="35" type="stmt"/>
      <line num="88" count="40" type="stmt"/>
      <line num="91" count="35" type="stmt"/>
      <line num="107" count="15" type="stmt"/>
      <line num="111" count="15" type="cond" truecount="2" falsecount="0"/>
      <line num="113" count="3" type="stmt"/>
      <line num="124" count="15" type="stmt"/>
      <line num="128" count="15" type="cond" truecount="2" falsecount="0"/>
      <line num="130" count="3" type="stmt"/>
      <line num="142" count="15" type="stmt"/>
      <line num="144" count="15" type="stmt"/>
      <line num="155" count="43" type="stmt"/>
      <line num="157" count="43" type="stmt"/>
      <line num="159" count="43" type="stmt"/>
      <line num="161" count="43" type="stmt"/>
      <line num="163" count="43" type="stmt"/>
      <line num="165" count="43" type="stmt"/>
      <line num="169" count="4" type="stmt"/>
    </file>
    <file name="HTMLWriter.js" path="/Users/dancox/Projects/extwee/src/HTMLWriter.js">
      <metrics statements="47" coveredstatements="47" conditionals="16" coveredconditionals="16" methods="1" coveredmethods="1"/>
      <line num="8" count="2" type="stmt"/>
      <line num="9" count="2" type="stmt"/>
      <line num="10" count="2" type="stmt"/>
      <line num="28" count="14" type="cond" truecount="2" falsecount="0"/>
      <line num="29" count="1" type="stmt"/>
      <line num="32" count="13" type="cond" truecount="2" falsecount="0"/>
      <line num="33" count="1" type="stmt"/>
      <line num="36" count="12" type="stmt"/>
      <line num="40" count="12" type="stmt"/>
      <line num="51" count="12" type="stmt"/>
      <line num="54" count="12" type="stmt"/>
      <line num="57" count="12" type="cond" truecount="2" falsecount="0"/>
      <line num="58" count="2" type="stmt"/>
      <line num="62" count="12" type="stmt"/>
      <line num="63" count="3" type="stmt"/>
      <line num="66" count="12" type="stmt"/>
      <line num="69" count="12" type="stmt"/>
      <line num="72" count="12" type="stmt"/>
      <line num="75" count="12" type="cond" truecount="2" falsecount="0"/>
      <line num="76" count="1" type="stmt"/>
      <line num="80" count="12" type="stmt"/>
      <line num="81" count="3" type="stmt"/>
      <line num="84" count="12" type="stmt"/>
      <line num="88" count="12" type="stmt"/>
      <line num="92" count="12" type="stmt"/>
      <line num="95" count="12" type="stmt"/>
      <line num="96" count="26" type="stmt"/>
      <line num="99" count="26" type="cond" truecount="2" falsecount="0"/>
      <line num="100" count="5" type="stmt"/>
      <line num="101" count="21" type="cond" truecount="2" falsecount="0"/>
      <line num="102" count="2" type="stmt"/>
      <line num="104" count="19" type="stmt"/>
      <line num="108" count="26" type="cond" truecount="2" falsecount="0"/>
      <line num="109" count="8" type="stmt"/>
      <line num="113" count="18" type="stmt"/>
      <line num="117" count="26" type="cond" truecount="2" falsecount="0"/>
      <line num="118" count="6" type="stmt"/>
      <line num="122" count="20" type="stmt"/>
      <line num="125" count="26" type="stmt"/>
      <line num="128" count="12" type="stmt"/>
      <line num="131" count="12" type="stmt"/>
      <line num="134" count="12" type="stmt"/>
      <line num="136" count="12" type="stmt"/>
      <line num="138" count="12" type="stmt"/>
      <line num="140" count="12" type="stmt"/>
      <line num="143" count="1" type="stmt"/>
      <line num="148" count="2" type="stmt"/>
    </file>
    <file name="Passage.js" path="/Users/dancox/Projects/extwee/src/Passage.js">
      <metrics statements="6" coveredstatements="6" conditionals="5" coveredconditionals="5" methods="1" coveredmethods="1"/>
      <line num="16" count="193" type="stmt"/>
      <line num="17" count="193" type="stmt"/>
      <line num="18" count="193" type="stmt"/>
      <line num="19" count="193" type="stmt"/>
      <line num="20" count="193" type="stmt"/>
      <line num="24" count="8" type="stmt"/>
    </file>
    <file name="Story.js" path="/Users/dancox/Projects/extwee/src/Story.js">
      <metrics statements="36" coveredstatements="36" conditionals="20" coveredconditionals="18" methods="14" coveredmethods="14"/>
      <line num="1" count="7" type="stmt"/>
      <line num="12" count="72" type="stmt"/>
      <line num="13" count="72" type="stmt"/>
      <line num="21" count="72" type="stmt"/>
      <line num="24" count="72" type="stmt"/>
      <line num="25" count="72" type="stmt"/>
      <line num="35" count="16" type="stmt"/>
      <line num="37" count="16" type="cond" truecount="2" falsecount="0"/>
      <line num="38" count="15" type="stmt"/>
      <line num="39" count="42" type="stmt"/>
      <line num="40" count="42" type="stmt"/>
      <line num="44" count="16" type="stmt"/>
      <line num="54" count="17" type="stmt"/>
      <line num="56" count="17" type="cond" truecount="2" falsecount="0"/>
      <line num="57" count="16" type="stmt"/>
      <line num="58" count="45" type="stmt"/>
      <line num="59" count="45" type="stmt"/>
      <line num="63" count="17" type="stmt"/>
      <line num="74" count="26" type="cond" truecount="2" falsecount="0"/>
      <line num="75" count="25" type="stmt"/>
      <line num="76" count="66" type="stmt"/>
      <line num="90" count="48" type="stmt"/>
      <line num="92" count="18" type="cond" truecount="2" falsecount="0"/>
      <line num="104" count="43" type="stmt"/>
      <line num="106" count="18" type="cond" truecount="2" falsecount="0"/>
      <line num="116" count="16" type="stmt"/>
      <line num="119" count="16" type="cond" truecount="2" falsecount="0"/>
      <line num="121" count="4" type="cond" truecount="2" falsecount="0"/>
      <line num="123" count="3" type="stmt"/>
      <line num="125" count="3" type="cond" truecount="1" falsecount="1"/>
      <line num="126" count="3" type="stmt"/>
      <line num="131" count="12" type="stmt"/>
      <line num="133" count="12" type="cond" truecount="1" falsecount="1"/>
      <line num="135" count="12" type="stmt"/>
      <line num="140" count="16" type="stmt"/>
      <line num="144" count="7" type="stmt"/>
    </file>
    <file name="StoryFormat.js" path="/Users/dancox/Projects/extwee/src/StoryFormat.js">
      <metrics statements="20" coveredstatements="20" conditionals="20" coveredconditionals="20" methods="1" coveredmethods="1"/>
      <line num="12" count="17" type="cond" truecount="2" falsecount="0"/>
      <line num="13" count="16" type="cond" truecount="2" falsecount="0"/>
      <line num="14" count="16" type="cond" truecount="2" falsecount="0"/>
      <line num="15" count="16" type="cond" truecount="2" falsecount="0"/>
      <line num="16" count="16" type="cond" truecount="2" falsecount="0"/>
      <line num="17" count="16" type="cond" truecount="2" falsecount="0"/>
      <line num="18" count="16" type="cond" truecount="2" falsecount="0"/>
      <line num="19" count="16" type="cond" truecount="2" falsecount="0"/>
      <line num="20" count="16" type="cond" truecount="2" falsecount="0"/>
      <line num="21" count="16" type="cond" truecount="2" falsecount="0"/>
      <line num="24" count="1" type="stmt"/>
      <line num="25" count="1" type="stmt"/>
      <line num="26" count="1" type="stmt"/>
      <line num="27" count="1" type="stmt"/>
      <line num="28" count="1" type="stmt"/>
      <line num="29" count="1" type="stmt"/>
      <line num="30" count="1" type="stmt"/>
      <line num="31" count="1" type="stmt"/>
      <line num="32" count="1" type="stmt"/>
      <line num="37" count="4" type="stmt"/>
    </file>
    <file name="StoryFormatParser.js" path="/Users/dancox/Projects/extwee/src/StoryFormatParser.js">
      <metrics statements="16" coveredstatements="16" conditionals="6" coveredconditionals="6" methods="1" coveredmethods="1"/>
      <line num="1" count="3" type="stmt"/>
      <line num="15" count="16" type="stmt"/>
      <line num="17" count="16" type="cond" truecount="2" falsecount="0"/>
      <line num="19" count="2" type="stmt"/>
      <line num="20" count="2" type="stmt"/>
      <line num="24" count="16" type="stmt"/>
      <line num="26" count="16" type="stmt"/>
      <line num="30" count="16" type="cond" truecount="4" falsecount="0"/>
      <line num="32" count="1" type="stmt"/>
      <line num="35" count="15" type="stmt"/>
      <line num="38" count="15" type="stmt"/>
      <line num="40" count="15" type="stmt"/>
      <line num="41" count="15" type="stmt"/>
      <line num="43" count="1" type="stmt"/>
      <line num="46" count="14" type="stmt"/>
      <line num="50" count="3" type="stmt"/>
    </file>
    <file name="TweeParser.js" path="/Users/dancox/Projects/extwee/src/TweeParser.js">
      <metrics statements="74" coveredstatements="74" conditionals="32" coveredconditionals="32" methods="10" coveredmethods="10"/>
      <line num="1" count="6" type="stmt"/>
      <line num="2" count="6" type="stmt"/>
      <line num="16" count="35" type="stmt"/>
      <line num="19" count="35" type="stmt"/>
      <line num="20" count="35" type="stmt"/>
      <line num="24" count="35" type="cond" truecount="2" falsecount="0"/>
      <line num="25" count="2" type="stmt"/>
      <line num="28" count="33" type="stmt"/>
      <line num="29" count="33" type="stmt"/>
      <line num="33" count="33" type="cond" truecount="4" falsecount="0"/>
      <line num="34" count="2" type="stmt"/>
      <line num="36" count="31" type="stmt"/>
      <line num="40" count="33" type="stmt"/>
      <line num="43" count="33" type="stmt"/>
      <line num="46" count="33" type="stmt"/>
      <line num="49" count="33" type="stmt"/>
      <line num="51" count="145" type="stmt"/>
      <line num="52" count="145" type="stmt"/>
      <line num="53" count="145" type="stmt"/>
      <line num="54" count="145" type="stmt"/>
      <line num="57" count="145" type="stmt"/>
      <line num="61" count="145" type="stmt"/>
      <line num="64" count="145" type="stmt"/>
      <line num="65" count="145" type="stmt"/>
      <line num="67" count="145" type="cond" truecount="4" falsecount="0"/>
      <line num="69" count="30" type="stmt"/>
      <line num="72" count="30" type="stmt"/>
      <line num="76" count="145" type="cond" truecount="2" falsecount="0"/>
      <line num="78" count="30" type="stmt"/>
      <line num="79" count="30" type="stmt"/>
      <line num="85" count="145" type="stmt"/>
      <line num="86" count="145" type="stmt"/>
      <line num="88" count="145" type="cond" truecount="4" falsecount="0"/>
      <line num="89" count="43" type="stmt"/>
      <line num="92" count="43" type="stmt"/>
      <line num="96" count="145" type="cond" truecount="2" falsecount="0"/>
      <line num="98" count="43" type="stmt"/>
      <line num="101" count="43" type="stmt"/>
      <line num="104" count="43" type="cond" truecount="2" falsecount="0"/>
      <line num="105" count="41" type="stmt"/>
      <line num="109" count="43" type="cond" truecount="2" falsecount="0"/>
      <line num="111" count="8" type="stmt"/>
      <line num="115" count="16" type="stmt"/>
      <line num="118" count="8" type="stmt"/>
      <line num="119" count="35" type="cond" truecount="2" falsecount="0"/>
      <line num="122" count="33" type="stmt"/>
      <line num="125" count="33" type="stmt"/>
      <line num="127" count="33" type="stmt"/>
      <line num="130" count="2" type="stmt"/>
      <line num="134" count="102" type="stmt"/>
      <line num="138" count="145" type="stmt"/>
      <line num="141" count="145" type="stmt"/>
      <line num="144" count="145" type="cond" truecount="2" falsecount="0"/>
      <line num="145" count="143" type="stmt"/>
      <line num="148" count="2" type="stmt"/>
      <line num="152" count="143" type="stmt"/>
      <line num="155" count="143" type="stmt"/>
      <line num="160" count="31" type="stmt"/>
      <line num="162" count="31" type="cond" truecount="2" falsecount="0"/>
      <line num="163" count="28" type="stmt"/>
      <line num="165" count="140" type="stmt"/>
      <line num="169" count="3" type="stmt"/>
      <line num="173" count="82" type="stmt"/>
      <line num="176" count="31" type="cond" truecount="2" falsecount="0"/>
      <line num="178" count="26" type="stmt"/>
      <line num="179" count="26" type="stmt"/>
      <line num="185" count="103" type="stmt"/>
      <line num="188" count="12" type="stmt"/>
      <line num="190" count="5" type="cond" truecount="2" falsecount="0"/>
      <line num="192" count="4" type="stmt"/>
      <line num="195" count="1" type="stmt"/>
      <line num="200" count="30" type="stmt"/>
      <line num="202" count="30" type="stmt"/>
      <line num="206" count="6" type="stmt"/>
    </file>
    <file name="TweeWriter.js" path="/Users/dancox/Projects/extwee/src/TweeWriter.js">
      <metrics statements="22" coveredstatements="22" conditionals="8" coveredconditionals="8" methods="1" coveredmethods="1"/>
      <line num="6" count="3" type="stmt"/>
      <line num="7" count="3" type="stmt"/>
      <line num="22" count="13" type="cond" truecount="2" falsecount="0"/>
      <line num="23" count="2" type="stmt"/>
      <line num="27" count="11" type="stmt"/>
      <line num="30" count="11" type="stmt"/>
      <line num="33" count="11" type="cond" truecount="2" falsecount="0"/>
      <line num="35" count="9" type="stmt"/>
      <line num="38" count="2" type="stmt"/>
      <line num="42" count="9" type="stmt"/>
      <line num="45" count="9" type="cond" truecount="2" falsecount="0"/>
      <line num="47" count="5" type="stmt"/>
      <line num="49" count="7" type="stmt"/>
      <line num="52" count="7" type="cond" truecount="2" falsecount="0"/>
      <line num="54" count="2" type="stmt"/>
      <line num="58" count="7" type="stmt"/>
      <line num="61" count="7" type="stmt"/>
      <line num="65" count="4" type="stmt"/>
      <line num="68" count="9" type="stmt"/>
      <line num="70" count="9" type="stmt"/>
      <line num="73" count="2" type="stmt"/>
      <line num="78" count="3" type="stmt"/>
    </file>
  </project>
</coverage>
