<?xml version="1.0" encoding="UTF-8"?>
<coverage generated="1608823220047" clover="3.2.0">
  <project timestamp="1608823220047" name="All files">
    <metrics statements="30" coveredstatements="30" conditionals="15" coveredconditionals="15" methods="11" coveredmethods="11" elements="56" coveredelements="56" complexity="0" loc="30" ncloc="30" packages="1" files="1" classes="1"/>
    <file name="Passage.js" path="/Users/dancox/Projects/extwee/src/Passage.js">
      <metrics statements="30" coveredstatements="30" conditionals="15" coveredconditionals="15" methods="11" coveredmethods="11"/>
      <line num="11" count="11" type="stmt"/>
      <line num="18" count="11" type="stmt"/>
      <line num="25" count="11" type="stmt"/>
      <line num="32" count="11" type="stmt"/>
      <line num="39" count="11" type="stmt"/>
      <line num="52" count="11" type="stmt"/>
      <line num="55" count="11" type="stmt"/>
      <line num="58" count="11" type="stmt"/>
      <line num="61" count="11" type="stmt"/>
      <line num="64" count="11" type="stmt"/>
      <line num="74" count="2" type="stmt"/>
      <line num="80" count="13" type="cond" truecount="2" falsecount="0"/>
      <line num="81" count="12" type="stmt"/>
      <line num="83" count="1" type="stmt"/>
      <line num="94" count="2" type="stmt"/>
      <line num="101" count="13" type="cond" truecount="2" falsecount="0"/>
      <line num="102" count="12" type="stmt"/>
      <line num="104" count="1" type="stmt"/>
      <line num="115" count="2" type="stmt"/>
      <line num="122" count="13" type="cond" truecount="2" falsecount="0"/>
      <line num="123" count="12" type="stmt"/>
      <line num="125" count="1" type="stmt"/>
      <line num="136" count="2" type="stmt"/>
      <line num="143" count="13" type="cond" truecount="2" falsecount="0"/>
      <line num="144" count="12" type="stmt"/>
      <line num="146" count="1" type="stmt"/>
      <line num="157" count="2" type="stmt"/>
      <line num="164" count="13" type="cond" truecount="2" falsecount="0"/>
      <line num="165" count="12" type="stmt"/>
      <line num="167" count="1" type="stmt"/>
    </file>
  </project>
</coverage>
