{"/Users/dancox/Projects/extwee/src/FileReader.js": {"path":"/Users/dancox/Projects/extwee/src/FileReader.js","statementMap":{"0":{"start":{"line":1,"column":11},"end":{"line":1,"column":24}},"1":{"start":{"line":16,"column":19},"end":{"line":16,"column":21}},"2":{"start":{"line":19,"column":4},"end":{"line":24,"column":5}},"3":{"start":{"line":21,"column":6},"end":{"line":21,"column":47}},"4":{"start":{"line":23,"column":6},"end":{"line":23,"column":48}},"5":{"start":{"line":27,"column":4},"end":{"line":27,"column":20}},"6":{"start":{"line":31,"column":0},"end":{"line":31,"column":28}}},"fnMap":{"0":{"name":"(anonymous_0)","decl":{"start":{"line":14,"column":2},"end":{"line":14,"column":3}},"loc":{"start":{"line":14,"column":21},"end":{"line":28,"column":3}},"line":14}},"branchMap":{"0":{"loc":{"start":{"line":19,"column":4},"end":{"line":24,"column":5}},"type":"if","locations":[{"start":{"line":19,"column":4},"end":{"line":24,"column":5}},{"start":{"line":19,"column":4},"end":{"line":24,"column":5}}],"line":19}},"s":{"0":9,"1":62,"2":62,"3":61,"4":1,"5":61,"6":9},"f":{"0":62},"b":{"0":[61,1]},"_coverageSchema":"1a1c01bbd47fc00a2c39e90264f33305004495a9","hash":"d3c16bd8feeb7616e7571d04255a4cdfca339290"}
,"/Users/dancox/Projects/extwee/src/HTMLParser.js": {"path":"/Users/dancox/Projects/extwee/src/HTMLParser.js","statementMap":{"0":{"start":{"line":6,"column":18},"end":{"line":6,"column":45}},"1":{"start":{"line":7,"column":19},"end":{"line":7,"column":24}},"2":{"start":{"line":8,"column":14},"end":{"line":8,"column":35}},"3":{"start":{"line":9,"column":16},"end":{"line":9,"column":39}},"4":{"start":{"line":22,"column":16},"end":{"line":22,"column":20}},"5":{"start":{"line":27,"column":16},"end":{"line":34,"column":8}},"6":{"start":{"line":37,"column":22},"end":{"line":37,"column":55}},"7":{"start":{"line":39,"column":4},"end":{"line":53,"column":5}},"8":{"start":{"line":40,"column":6},"end":{"line":40,"column":26}},"9":{"start":{"line":41,"column":6},"end":{"line":41,"column":45}},"10":{"start":{"line":42,"column":6},"end":{"line":42,"column":51}},"11":{"start":{"line":43,"column":6},"end":{"line":43,"column":69}},"12":{"start":{"line":45,"column":6},"end":{"line":45,"column":26}},"13":{"start":{"line":46,"column":6},"end":{"line":46,"column":54}},"14":{"start":{"line":47,"column":6},"end":{"line":47,"column":58}},"15":{"start":{"line":48,"column":6},"end":{"line":48,"column":76}},"16":{"start":{"line":49,"column":6},"end":{"line":49,"column":54}},"17":{"start":{"line":50,"column":6},"end":{"line":50,"column":60}},"18":{"start":{"line":52,"column":6},"end":{"line":52,"column":58}},"19":{"start":{"line":56,"column":26},"end":{"line":56,"column":64}},"20":{"start":{"line":59,"column":14},"end":{"line":59,"column":15}},"21":{"start":{"line":62,"column":4},"end":{"line":108,"column":5}},"22":{"start":{"line":64,"column":19},"end":{"line":64,"column":52}},"23":{"start":{"line":66,"column":19},"end":{"line":66,"column":49}},"24":{"start":{"line":69,"column":23},"end":{"line":69,"column":36}},"25":{"start":{"line":72,"column":19},"end":{"line":72,"column":28}},"26":{"start":{"line":75,"column":19},"end":{"line":75,"column":61}},"27":{"start":{"line":78,"column":17},"end":{"line":78,"column":19}},"28":{"start":{"line":82,"column":6},"end":{"line":84,"column":7}},"29":{"start":{"line":83,"column":8},"end":{"line":83,"column":58}},"30":{"start":{"line":87,"column":6},"end":{"line":87,"column":29}},"31":{"start":{"line":90,"column":6},"end":{"line":90,"column":44}},"32":{"start":{"line":90,"column":32},"end":{"line":90,"column":42}},"33":{"start":{"line":93,"column":6},"end":{"line":105,"column":8}},"34":{"start":{"line":107,"column":6},"end":{"line":107,"column":12}},"35":{"start":{"line":111,"column":25},"end":{"line":111,"column":68}},"36":{"start":{"line":115,"column":4},"end":{"line":125,"column":5}},"37":{"start":{"line":117,"column":6},"end":{"line":124,"column":8}},"38":{"start":{"line":128,"column":26},"end":{"line":128,"column":65}},"39":{"start":{"line":132,"column":4},"end":{"line":142,"column":5}},"40":{"start":{"line":134,"column":6},"end":{"line":141,"column":8}},"41":{"start":{"line":146,"column":4},"end":{"line":146,"column":54}},"42":{"start":{"line":148,"column":4},"end":{"line":148,"column":17}},"43":{"start":{"line":159,"column":4},"end":{"line":159,"column":41}},"44":{"start":{"line":161,"column":4},"end":{"line":161,"column":46}},"45":{"start":{"line":163,"column":4},"end":{"line":163,"column":46}},"46":{"start":{"line":165,"column":4},"end":{"line":165,"column":46}},"47":{"start":{"line":167,"column":4},"end":{"line":167,"column":46}},"48":{"start":{"line":169,"column":4},"end":{"line":169,"column":18}},"49":{"start":{"line":173,"column":0},"end":{"line":173,"column":28}}},"fnMap":{"0":{"name":"(anonymous_0)","decl":{"start":{"line":21,"column":2},"end":{"line":21,"column":3}},"loc":{"start":{"line":21,"column":25},"end":{"line":149,"column":3}},"line":21},"1":{"name":"(anonymous_1)","decl":{"start":{"line":90,"column":25},"end":{"line":90,"column":26}},"loc":{"start":{"line":90,"column":32},"end":{"line":90,"column":42}},"line":90},"2":{"name":"(anonymous_2)","decl":{"start":{"line":157,"column":2},"end":{"line":157,"column":3}},"loc":{"start":{"line":157,"column":39},"end":{"line":170,"column":3}},"line":157}},"branchMap":{"0":{"loc":{"start":{"line":39,"column":4},"end":{"line":53,"column":5}},"type":"if","locations":[{"start":{"line":39,"column":4},"end":{"line":53,"column":5}},{"start":{"line":39,"column":4},"end":{"line":53,"column":5}}],"line":39},"1":{"loc":{"start":{"line":82,"column":6},"end":{"line":84,"column":7}},"type":"if","locations":[{"start":{"line":82,"column":6},"end":{"line":84,"column":7}},{"start":{"line":82,"column":6},"end":{"line":84,"column":7}}],"line":82},"2":{"loc":{"start":{"line":82,"column":10},"end":{"line":82,"column":52}},"type":"binary-expr","locations":[{"start":{"line":82,"column":10},"end":{"line":82,"column":30}},{"start":{"line":82,"column":34},"end":{"line":82,"column":52}}],"line":82},"3":{"loc":{"start":{"line":115,"column":4},"end":{"line":125,"column":5}},"type":"if","locations":[{"start":{"line":115,"column":4},"end":{"line":125,"column":5}},{"start":{"line":115,"column":4},"end":{"line":125,"column":5}}],"line":115},"4":{"loc":{"start":{"line":132,"column":4},"end":{"line":142,"column":5}},"type":"if","locations":[{"start":{"line":132,"column":4},"end":{"line":142,"column":5}},{"start":{"line":132,"column":4},"end":{"line":142,"column":5}}],"line":132}},"s":{"0":3,"1":3,"2":3,"3":3,"4":15,"5":15,"6":15,"7":15,"8":14,"9":14,"10":14,"11":14,"12":14,"13":14,"14":14,"15":14,"16":14,"17":14,"18":1,"19":14,"20":14,"21":14,"22":32,"23":32,"24":32,"25":32,"26":32,"27":32,"28":32,"29":7,"30":32,"31":32,"32":42,"33":32,"34":32,"35":14,"36":14,"37":3,"38":14,"39":14,"40":3,"41":14,"42":14,"43":40,"44":40,"45":40,"46":40,"47":40,"48":40,"49":3},"f":{"0":15,"1":42,"2":40},"b":{"0":[14,1],"1":[7,25],"2":[32,7],"3":[3,11],"4":[3,11]},"_coverageSchema":"1a1c01bbd47fc00a2c39e90264f33305004495a9","hash":"a0ad7535f91807d018e97dbaf76bb01082167d8a"}
,"/Users/dancox/Projects/extwee/src/HTMLWriter.js": {"path":"/Users/dancox/Projects/extwee/src/HTMLWriter.js","statementMap":{"0":{"start":{"line":8,"column":11},"end":{"line":8,"column":24}},"1":{"start":{"line":9,"column":14},"end":{"line":9,"column":35}},"2":{"start":{"line":10,"column":20},"end":{"line":10,"column":47}},"3":{"start":{"line":28,"column":4},"end":{"line":30,"column":5}},"4":{"start":{"line":29,"column":6},"end":{"line":29,"column":62}},"5":{"start":{"line":32,"column":4},"end":{"line":34,"column":5}},"6":{"start":{"line":33,"column":6},"end":{"line":33,"column":67}},"7":{"start":{"line":36,"column":25},"end":{"line":36,"column":27}},"8":{"start":{"line":40,"column":12},"end":{"line":48,"column":31}},"9":{"start":{"line":51,"column":4},"end":{"line":51,"column":94}},"10":{"start":{"line":54,"column":26},"end":{"line":54,"column":50}},"11":{"start":{"line":57,"column":4},"end":{"line":59,"column":5}},"12":{"start":{"line":58,"column":6},"end":{"line":58,"column":30}},"13":{"start":{"line":62,"column":4},"end":{"line":64,"column":5}},"14":{"start":{"line":63,"column":6},"end":{"line":63,"column":32}},"15":{"start":{"line":66,"column":4},"end":{"line":66,"column":30}},"16":{"start":{"line":69,"column":4},"end":{"line":69,"column":94}},"17":{"start":{"line":72,"column":27},"end":{"line":72,"column":52}},"18":{"start":{"line":75,"column":4},"end":{"line":77,"column":5}},"19":{"start":{"line":76,"column":6},"end":{"line":76,"column":29}},"20":{"start":{"line":80,"column":4},"end":{"line":82,"column":5}},"21":{"start":{"line":81,"column":6},"end":{"line":81,"column":32}},"22":{"start":{"line":84,"column":4},"end":{"line":84,"column":31}},"23":{"start":{"line":88,"column":4},"end":{"line":88,"column":35}},"24":{"start":{"line":92,"column":4},"end":{"line":92,"column":39}},"25":{"start":{"line":95,"column":4},"end":{"line":134,"column":5}},"26":{"start":{"line":96,"column":6},"end":{"line":96,"column":91}},"27":{"start":{"line":99,"column":6},"end":{"line":111,"column":7}},"28":{"start":{"line":100,"column":8},"end":{"line":100,"column":31}},"29":{"start":{"line":102,"column":8},"end":{"line":104,"column":9}},"30":{"start":{"line":103,"column":10},"end":{"line":103,"column":32}},"31":{"start":{"line":106,"column":8},"end":{"line":106,"column":26}},"32":{"start":{"line":107,"column":13},"end":{"line":111,"column":7}},"33":{"start":{"line":108,"column":8},"end":{"line":108,"column":56}},"34":{"start":{"line":110,"column":8},"end":{"line":110,"column":30}},"35":{"start":{"line":114,"column":6},"end":{"line":121,"column":7}},"36":{"start":{"line":115,"column":8},"end":{"line":116,"column":53}},"37":{"start":{"line":120,"column":8},"end":{"line":120,"column":43}},"38":{"start":{"line":124,"column":6},"end":{"line":131,"column":7}},"39":{"start":{"line":125,"column":8},"end":{"line":126,"column":49}},"40":{"start":{"line":130,"column":8},"end":{"line":130,"column":39}},"41":{"start":{"line":133,"column":6},"end":{"line":133,"column":62}},"42":{"start":{"line":136,"column":4},"end":{"line":136,"column":35}},"43":{"start":{"line":139,"column":4},"end":{"line":139,"column":82}},"44":{"start":{"line":142,"column":4},"end":{"line":142,"column":81}},"45":{"start":{"line":144,"column":4},"end":{"line":144,"column":41}},"46":{"start":{"line":146,"column":4},"end":{"line":152,"column":5}},"47":{"start":{"line":148,"column":6},"end":{"line":148,"column":45}},"48":{"start":{"line":151,"column":6},"end":{"line":151,"column":56}},"49":{"start":{"line":156,"column":0},"end":{"line":156,"column":28}}},"fnMap":{"0":{"name":"(anonymous_0)","decl":{"start":{"line":27,"column":2},"end":{"line":27,"column":3}},"loc":{"start":{"line":27,"column":65},"end":{"line":153,"column":3}},"line":27}},"branchMap":{"0":{"loc":{"start":{"line":28,"column":4},"end":{"line":30,"column":5}},"type":"if","locations":[{"start":{"line":28,"column":4},"end":{"line":30,"column":5}},{"start":{"line":28,"column":4},"end":{"line":30,"column":5}}],"line":28},"1":{"loc":{"start":{"line":32,"column":4},"end":{"line":34,"column":5}},"type":"if","locations":[{"start":{"line":32,"column":4},"end":{"line":34,"column":5}},{"start":{"line":32,"column":4},"end":{"line":34,"column":5}}],"line":32},"2":{"loc":{"start":{"line":57,"column":4},"end":{"line":59,"column":5}},"type":"if","locations":[{"start":{"line":57,"column":4},"end":{"line":59,"column":5}},{"start":{"line":57,"column":4},"end":{"line":59,"column":5}}],"line":57},"3":{"loc":{"start":{"line":75,"column":4},"end":{"line":77,"column":5}},"type":"if","locations":[{"start":{"line":75,"column":4},"end":{"line":77,"column":5}},{"start":{"line":75,"column":4},"end":{"line":77,"column":5}}],"line":75},"4":{"loc":{"start":{"line":99,"column":6},"end":{"line":111,"column":7}},"type":"if","locations":[{"start":{"line":99,"column":6},"end":{"line":111,"column":7}},{"start":{"line":99,"column":6},"end":{"line":111,"column":7}}],"line":99},"5":{"loc":{"start":{"line":107,"column":13},"end":{"line":111,"column":7}},"type":"if","locations":[{"start":{"line":107,"column":13},"end":{"line":111,"column":7}},{"start":{"line":107,"column":13},"end":{"line":111,"column":7}}],"line":107},"6":{"loc":{"start":{"line":114,"column":6},"end":{"line":121,"column":7}},"type":"if","locations":[{"start":{"line":114,"column":6},"end":{"line":121,"column":7}},{"start":{"line":114,"column":6},"end":{"line":121,"column":7}}],"line":114},"7":{"loc":{"start":{"line":124,"column":6},"end":{"line":131,"column":7}},"type":"if","locations":[{"start":{"line":124,"column":6},"end":{"line":131,"column":7}},{"start":{"line":124,"column":6},"end":{"line":131,"column":7}}],"line":124}},"s":{"0":2,"1":2,"2":2,"3":14,"4":1,"5":13,"6":1,"7":12,"8":12,"9":12,"10":12,"11":12,"12":2,"13":12,"14":3,"15":12,"16":12,"17":12,"18":12,"19":1,"20":12,"21":3,"22":12,"23":12,"24":12,"25":12,"26":26,"27":26,"28":5,"29":5,"30":10,"31":5,"32":21,"33":2,"34":19,"35":26,"36":8,"37":18,"38":26,"39":6,"40":20,"41":26,"42":12,"43":12,"44":12,"45":12,"46":12,"47":12,"48":1,"49":2},"f":{"0":14},"b":{"0":[1,13],"1":[1,12],"2":[2,10],"3":[1,11],"4":[5,21],"5":[2,19],"6":[8,18],"7":[6,20]},"_coverageSchema":"1a1c01bbd47fc00a2c39e90264f33305004495a9","hash":"bab7e7c252031dd53ae6295faccdc72a6da1d00b"}
,"/Users/dancox/Projects/extwee/src/Passage.js": {"path":"/Users/dancox/Projects/extwee/src/Passage.js","statementMap":{"0":{"start":{"line":16,"column":4},"end":{"line":16,"column":21}},"1":{"start":{"line":17,"column":4},"end":{"line":17,"column":21}},"2":{"start":{"line":18,"column":4},"end":{"line":18,"column":29}},"3":{"start":{"line":19,"column":4},"end":{"line":19,"column":21}},"4":{"start":{"line":20,"column":4},"end":{"line":20,"column":19}},"5":{"start":{"line":24,"column":0},"end":{"line":24,"column":25}}},"fnMap":{"0":{"name":"(anonymous_0)","decl":{"start":{"line":15,"column":2},"end":{"line":15,"column":3}},"loc":{"start":{"line":15,"column":72},"end":{"line":21,"column":3}},"line":15}},"branchMap":{"0":{"loc":{"start":{"line":15,"column":15},"end":{"line":15,"column":24}},"type":"default-arg","locations":[{"start":{"line":15,"column":22},"end":{"line":15,"column":24}}],"line":15},"1":{"loc":{"start":{"line":15,"column":26},"end":{"line":15,"column":35}},"type":"default-arg","locations":[{"start":{"line":15,"column":33},"end":{"line":15,"column":35}}],"line":15},"2":{"loc":{"start":{"line":15,"column":37},"end":{"line":15,"column":50}},"type":"default-arg","locations":[{"start":{"line":15,"column":48},"end":{"line":15,"column":50}}],"line":15},"3":{"loc":{"start":{"line":15,"column":52},"end":{"line":15,"column":61}},"type":"default-arg","locations":[{"start":{"line":15,"column":59},"end":{"line":15,"column":61}}],"line":15},"4":{"loc":{"start":{"line":15,"column":63},"end":{"line":15,"column":70}},"type":"default-arg","locations":[{"start":{"line":15,"column":69},"end":{"line":15,"column":70}}],"line":15}},"s":{"0":181,"1":181,"2":181,"3":181,"4":181,"5":8},"f":{"0":181},"b":{"0":[1],"1":[1],"2":[1],"3":[5],"4":[11]},"_coverageSchema":"1a1c01bbd47fc00a2c39e90264f33305004495a9","hash":"04aeec2d01ed1fa2302689145d862b00a958b18c"}
,"/Users/dancox/Projects/extwee/src/Story.js": {"path":"/Users/dancox/Projects/extwee/src/Story.js","statementMap":{"0":{"start":{"line":1,"column":12},"end":{"line":1,"column":38}},"1":{"start":{"line":12,"column":4},"end":{"line":12,"column":26}},"2":{"start":{"line":13,"column":4},"end":{"line":19,"column":6}},"3":{"start":{"line":21,"column":4},"end":{"line":21,"column":23}},"4":{"start":{"line":24,"column":4},"end":{"line":24,"column":28}},"5":{"start":{"line":25,"column":4},"end":{"line":25,"column":38}},"6":{"start":{"line":35,"column":24},"end":{"line":35,"column":26}},"7":{"start":{"line":37,"column":4},"end":{"line":43,"column":5}},"8":{"start":{"line":38,"column":6},"end":{"line":42,"column":9}},"9":{"start":{"line":39,"column":24},"end":{"line":39,"column":72}},"10":{"start":{"line":39,"column":51},"end":{"line":39,"column":71}},"11":{"start":{"line":41,"column":8},"end":{"line":41,"column":36}},"12":{"start":{"line":45,"column":4},"end":{"line":45,"column":25}},"13":{"start":{"line":55,"column":25},"end":{"line":55,"column":27}},"14":{"start":{"line":57,"column":4},"end":{"line":63,"column":5}},"15":{"start":{"line":58,"column":6},"end":{"line":62,"column":9}},"16":{"start":{"line":59,"column":24},"end":{"line":59,"column":68}},"17":{"start":{"line":59,"column":51},"end":{"line":59,"column":67}},"18":{"start":{"line":61,"column":8},"end":{"line":61,"column":36}},"19":{"start":{"line":65,"column":4},"end":{"line":65,"column":26}},"20":{"start":{"line":76,"column":4},"end":{"line":80,"column":5}},"21":{"start":{"line":77,"column":6},"end":{"line":79,"column":9}},"22":{"start":{"line":78,"column":8},"end":{"line":78,"column":49}},"23":{"start":{"line":90,"column":14},"end":{"line":90,"column":18}},"24":{"start":{"line":91,"column":21},"end":{"line":91,"column":25}},"25":{"start":{"line":94,"column":4},"end":{"line":106,"column":5}},"26":{"start":{"line":97,"column":6},"end":{"line":102,"column":7}},"27":{"start":{"line":98,"column":8},"end":{"line":98,"column":41}},"28":{"start":{"line":101,"column":8},"end":{"line":101,"column":29}},"29":{"start":{"line":105,"column":6},"end":{"line":105,"column":27}},"30":{"start":{"line":109,"column":4},"end":{"line":120,"column":5}},"31":{"start":{"line":111,"column":6},"end":{"line":119,"column":7}},"32":{"start":{"line":113,"column":8},"end":{"line":118,"column":9}},"33":{"start":{"line":115,"column":10},"end":{"line":115,"column":43}},"34":{"start":{"line":117,"column":10},"end":{"line":117,"column":16}},"35":{"start":{"line":123,"column":4},"end":{"line":123,"column":15}},"36":{"start":{"line":127,"column":0},"end":{"line":127,"column":23}}},"fnMap":{"0":{"name":"(anonymous_0)","decl":{"start":{"line":11,"column":2},"end":{"line":11,"column":3}},"loc":{"start":{"line":11,"column":17},"end":{"line":26,"column":3}},"line":11},"1":{"name":"(anonymous_1)","decl":{"start":{"line":34,"column":2},"end":{"line":34,"column":3}},"loc":{"start":{"line":34,"column":22},"end":{"line":46,"column":3}},"line":34},"2":{"name":"(anonymous_2)","decl":{"start":{"line":38,"column":43},"end":{"line":38,"column":44}},"loc":{"start":{"line":38,"column":62},"end":{"line":42,"column":7}},"line":38},"3":{"name":"(anonymous_3)","decl":{"start":{"line":39,"column":44},"end":{"line":39,"column":45}},"loc":{"start":{"line":39,"column":51},"end":{"line":39,"column":71}},"line":39},"4":{"name":"(anonymous_4)","decl":{"start":{"line":54,"column":2},"end":{"line":54,"column":3}},"loc":{"start":{"line":54,"column":23},"end":{"line":66,"column":3}},"line":54},"5":{"name":"(anonymous_5)","decl":{"start":{"line":58,"column":44},"end":{"line":58,"column":45}},"loc":{"start":{"line":58,"column":63},"end":{"line":62,"column":7}},"line":58},"6":{"name":"(anonymous_6)","decl":{"start":{"line":59,"column":44},"end":{"line":59,"column":45}},"loc":{"start":{"line":59,"column":51},"end":{"line":59,"column":67}},"line":59},"7":{"name":"(anonymous_7)","decl":{"start":{"line":75,"column":2},"end":{"line":75,"column":3}},"loc":{"start":{"line":75,"column":29},"end":{"line":81,"column":3}},"line":75},"8":{"name":"(anonymous_8)","decl":{"start":{"line":77,"column":43},"end":{"line":77,"column":44}},"loc":{"start":{"line":77,"column":62},"end":{"line":79,"column":7}},"line":77},"9":{"name":"(anonymous_9)","decl":{"start":{"line":89,"column":2},"end":{"line":89,"column":3}},"loc":{"start":{"line":89,"column":24},"end":{"line":124,"column":3}},"line":89}},"branchMap":{"0":{"loc":{"start":{"line":37,"column":4},"end":{"line":43,"column":5}},"type":"if","locations":[{"start":{"line":37,"column":4},"end":{"line":43,"column":5}},{"start":{"line":37,"column":4},"end":{"line":43,"column":5}}],"line":37},"1":{"loc":{"start":{"line":57,"column":4},"end":{"line":63,"column":5}},"type":"if","locations":[{"start":{"line":57,"column":4},"end":{"line":63,"column":5}},{"start":{"line":57,"column":4},"end":{"line":63,"column":5}}],"line":57},"2":{"loc":{"start":{"line":76,"column":4},"end":{"line":80,"column":5}},"type":"if","locations":[{"start":{"line":76,"column":4},"end":{"line":80,"column":5}},{"start":{"line":76,"column":4},"end":{"line":80,"column":5}}],"line":76},"3":{"loc":{"start":{"line":94,"column":4},"end":{"line":106,"column":5}},"type":"if","locations":[{"start":{"line":94,"column":4},"end":{"line":106,"column":5}},{"start":{"line":94,"column":4},"end":{"line":106,"column":5}}],"line":94},"4":{"loc":{"start":{"line":97,"column":6},"end":{"line":102,"column":7}},"type":"if","locations":[{"start":{"line":97,"column":6},"end":{"line":102,"column":7}},{"start":{"line":97,"column":6},"end":{"line":102,"column":7}}],"line":97},"5":{"loc":{"start":{"line":109,"column":4},"end":{"line":120,"column":5}},"type":"if","locations":[{"start":{"line":109,"column":4},"end":{"line":120,"column":5}},{"start":{"line":109,"column":4},"end":{"line":120,"column":5}}],"line":109},"6":{"loc":{"start":{"line":113,"column":8},"end":{"line":118,"column":9}},"type":"if","locations":[{"start":{"line":113,"column":8},"end":{"line":118,"column":9}},{"start":{"line":113,"column":8},"end":{"line":118,"column":9}}],"line":113}},"s":{"0":7,"1":64,"2":64,"3":64,"4":64,"5":64,"6":16,"7":16,"8":15,"9":42,"10":29,"11":42,"12":16,"13":17,"14":17,"15":16,"16":45,"17":31,"18":45,"19":17,"20":26,"21":25,"22":66,"23":29,"24":29,"25":29,"26":17,"27":15,"28":2,"29":12,"30":29,"31":28,"32":54,"33":14,"34":14,"35":29,"36":7},"f":{"0":64,"1":16,"2":42,"3":29,"4":17,"5":45,"6":31,"7":26,"8":66,"9":29},"b":{"0":[15,1],"1":[16,1],"2":[25,1],"3":[17,12],"4":[15,2],"5":[28,1],"6":[14,40]},"_coverageSchema":"1a1c01bbd47fc00a2c39e90264f33305004495a9","hash":"58573e1c232a384ac2fb2add1b0558a17152e93f"}
,"/Users/dancox/Projects/extwee/src/StoryFormat.js": {"path":"/Users/dancox/Projects/extwee/src/StoryFormat.js","statementMap":{"0":{"start":{"line":12,"column":4},"end":{"line":33,"column":5}},"1":{"start":{"line":13,"column":6},"end":{"line":13,"column":38}},"2":{"start":{"line":14,"column":6},"end":{"line":14,"column":44}},"3":{"start":{"line":15,"column":6},"end":{"line":15,"column":52}},"4":{"start":{"line":16,"column":6},"end":{"line":16,"column":42}},"5":{"start":{"line":17,"column":6},"end":{"line":17,"column":40}},"6":{"start":{"line":18,"column":6},"end":{"line":18,"column":36}},"7":{"start":{"line":19,"column":6},"end":{"line":19,"column":44}},"8":{"start":{"line":20,"column":6},"end":{"line":20,"column":46}},"9":{"start":{"line":21,"column":6},"end":{"line":21,"column":42}},"10":{"start":{"line":24,"column":6},"end":{"line":24,"column":23}},"11":{"start":{"line":25,"column":6},"end":{"line":25,"column":26}},"12":{"start":{"line":26,"column":6},"end":{"line":26,"column":30}},"13":{"start":{"line":27,"column":6},"end":{"line":27,"column":25}},"14":{"start":{"line":28,"column":6},"end":{"line":28,"column":24}},"15":{"start":{"line":29,"column":6},"end":{"line":29,"column":22}},"16":{"start":{"line":30,"column":6},"end":{"line":30,"column":26}},"17":{"start":{"line":31,"column":6},"end":{"line":31,"column":27}},"18":{"start":{"line":32,"column":6},"end":{"line":32,"column":25}},"19":{"start":{"line":37,"column":0},"end":{"line":37,"column":29}}},"fnMap":{"0":{"name":"(anonymous_0)","decl":{"start":{"line":11,"column":2},"end":{"line":11,"column":3}},"loc":{"start":{"line":11,"column":23},"end":{"line":34,"column":3}},"line":11}},"branchMap":{"0":{"loc":{"start":{"line":12,"column":4},"end":{"line":33,"column":5}},"type":"if","locations":[{"start":{"line":12,"column":4},"end":{"line":33,"column":5}},{"start":{"line":12,"column":4},"end":{"line":33,"column":5}}],"line":12},"1":{"loc":{"start":{"line":13,"column":18},"end":{"line":13,"column":37}},"type":"binary-expr","locations":[{"start":{"line":13,"column":18},"end":{"line":13,"column":29}},{"start":{"line":13,"column":33},"end":{"line":13,"column":37}}],"line":13},"2":{"loc":{"start":{"line":14,"column":21},"end":{"line":14,"column":43}},"type":"binary-expr","locations":[{"start":{"line":14,"column":21},"end":{"line":14,"column":35}},{"start":{"line":14,"column":39},"end":{"line":14,"column":43}}],"line":14},"3":{"loc":{"start":{"line":15,"column":25},"end":{"line":15,"column":51}},"type":"binary-expr","locations":[{"start":{"line":15,"column":25},"end":{"line":15,"column":43}},{"start":{"line":15,"column":47},"end":{"line":15,"column":51}}],"line":15},"4":{"loc":{"start":{"line":16,"column":20},"end":{"line":16,"column":41}},"type":"binary-expr","locations":[{"start":{"line":16,"column":20},"end":{"line":16,"column":33}},{"start":{"line":16,"column":37},"end":{"line":16,"column":41}}],"line":16},"5":{"loc":{"start":{"line":17,"column":19},"end":{"line":17,"column":39}},"type":"binary-expr","locations":[{"start":{"line":17,"column":19},"end":{"line":17,"column":31}},{"start":{"line":17,"column":35},"end":{"line":17,"column":39}}],"line":17},"6":{"loc":{"start":{"line":18,"column":17},"end":{"line":18,"column":35}},"type":"binary-expr","locations":[{"start":{"line":18,"column":17},"end":{"line":18,"column":27}},{"start":{"line":18,"column":31},"end":{"line":18,"column":35}}],"line":18},"7":{"loc":{"start":{"line":19,"column":21},"end":{"line":19,"column":43}},"type":"binary-expr","locations":[{"start":{"line":19,"column":21},"end":{"line":19,"column":35}},{"start":{"line":19,"column":39},"end":{"line":19,"column":43}}],"line":19},"8":{"loc":{"start":{"line":20,"column":22},"end":{"line":20,"column":45}},"type":"binary-expr","locations":[{"start":{"line":20,"column":22},"end":{"line":20,"column":37}},{"start":{"line":20,"column":41},"end":{"line":20,"column":45}}],"line":20},"9":{"loc":{"start":{"line":21,"column":20},"end":{"line":21,"column":41}},"type":"binary-expr","locations":[{"start":{"line":21,"column":20},"end":{"line":21,"column":33}},{"start":{"line":21,"column":37},"end":{"line":21,"column":41}}],"line":21}},"s":{"0":17,"1":16,"2":16,"3":16,"4":16,"5":16,"6":16,"7":16,"8":16,"9":16,"10":1,"11":1,"12":1,"13":1,"14":1,"15":1,"16":1,"17":1,"18":1,"19":4},"f":{"0":17},"b":{"0":[16,1],"1":[16,1],"2":[16,2],"3":[16,2],"4":[16,2],"5":[16,2],"6":[16,2],"7":[16,14],"8":[16,16],"9":[16,2]},"_coverageSchema":"1a1c01bbd47fc00a2c39e90264f33305004495a9","hash":"6f1c04a11f9d0f46aee7333cf825de95f7b4b2b2"}
,"/Users/dancox/Projects/extwee/src/StoryFormatParser.js": {"path":"/Users/dancox/Projects/extwee/src/StoryFormatParser.js","statementMap":{"0":{"start":{"line":1,"column":20},"end":{"line":1,"column":47}},"1":{"start":{"line":15,"column":28},"end":{"line":15,"column":55}},"2":{"start":{"line":17,"column":4},"end":{"line":21,"column":5}},"3":{"start":{"line":19,"column":28},"end":{"line":19,"column":70}},"4":{"start":{"line":20,"column":6},"end":{"line":20,"column":56}},"5":{"start":{"line":24,"column":40},"end":{"line":24,"column":61}},"6":{"start":{"line":26,"column":40},"end":{"line":26,"column":65}},"7":{"start":{"line":30,"column":4},"end":{"line":36,"column":5}},"8":{"start":{"line":32,"column":6},"end":{"line":32,"column":59}},"9":{"start":{"line":35,"column":6},"end":{"line":35,"column":94}},"10":{"start":{"line":38,"column":22},"end":{"line":38,"column":24}},"11":{"start":{"line":40,"column":4},"end":{"line":44,"column":5}},"12":{"start":{"line":41,"column":6},"end":{"line":41,"column":41}},"13":{"start":{"line":43,"column":6},"end":{"line":43,"column":60}},"14":{"start":{"line":46,"column":4},"end":{"line":46,"column":40}},"15":{"start":{"line":50,"column":0},"end":{"line":50,"column":35}}},"fnMap":{"0":{"name":"(anonymous_0)","decl":{"start":{"line":13,"column":2},"end":{"line":13,"column":3}},"loc":{"start":{"line":13,"column":26},"end":{"line":47,"column":3}},"line":13}},"branchMap":{"0":{"loc":{"start":{"line":17,"column":4},"end":{"line":21,"column":5}},"type":"if","locations":[{"start":{"line":17,"column":4},"end":{"line":21,"column":5}},{"start":{"line":17,"column":4},"end":{"line":21,"column":5}}],"line":17},"1":{"loc":{"start":{"line":30,"column":4},"end":{"line":36,"column":5}},"type":"if","locations":[{"start":{"line":30,"column":4},"end":{"line":36,"column":5}},{"start":{"line":30,"column":4},"end":{"line":36,"column":5}}],"line":30},"2":{"loc":{"start":{"line":30,"column":8},"end":{"line":30,"column":80}},"type":"binary-expr","locations":[{"start":{"line":30,"column":8},"end":{"line":30,"column":42}},{"start":{"line":30,"column":46},"end":{"line":30,"column":80}}],"line":30}},"s":{"0":3,"1":16,"2":16,"3":2,"4":2,"5":16,"6":16,"7":16,"8":1,"9":15,"10":15,"11":15,"12":15,"13":1,"14":14,"15":3},"f":{"0":16},"b":{"0":[2,14],"1":[1,15],"2":[16,15]},"_coverageSchema":"1a1c01bbd47fc00a2c39e90264f33305004495a9","hash":"1da66a7518d4a78ff852748641687012b5b17d00"}
,"/Users/dancox/Projects/extwee/src/TweeParser.js": {"path":"/Users/dancox/Projects/extwee/src/TweeParser.js","statementMap":{"0":{"start":{"line":1,"column":16},"end":{"line":1,"column":39}},"1":{"start":{"line":2,"column":14},"end":{"line":2,"column":35}},"2":{"start":{"line":16,"column":18},"end":{"line":16,"column":29}},"3":{"start":{"line":19,"column":21},"end":{"line":21,"column":5}},"4":{"start":{"line":20,"column":6},"end":{"line":20,"column":69}},"5":{"start":{"line":24,"column":4},"end":{"line":26,"column":5}},"6":{"start":{"line":25,"column":6},"end":{"line":25,"column":47}},"7":{"start":{"line":28,"column":19},"end":{"line":28,"column":21}},"8":{"start":{"line":29,"column":19},"end":{"line":29,"column":21}},"9":{"start":{"line":33,"column":4},"end":{"line":37,"column":5}},"10":{"start":{"line":34,"column":6},"end":{"line":34,"column":85}},"11":{"start":{"line":36,"column":6},"end":{"line":36,"column":30}},"12":{"start":{"line":40,"column":28},"end":{"line":40,"column":50}},"13":{"start":{"line":43,"column":4},"end":{"line":43,"column":80}},"14":{"start":{"line":46,"column":14},"end":{"line":46,"column":15}},"15":{"start":{"line":49,"column":4},"end":{"line":156,"column":7}},"16":{"start":{"line":51,"column":17},"end":{"line":51,"column":19}},"17":{"start":{"line":52,"column":21},"end":{"line":52,"column":23}},"18":{"start":{"line":53,"column":17},"end":{"line":53,"column":19}},"19":{"start":{"line":54,"column":17},"end":{"line":54,"column":19}},"20":{"start":{"line":57,"column":19},"end":{"line":57,"column":58}},"21":{"start":{"line":61,"column":6},"end":{"line":61,"column":73}},"22":{"start":{"line":64,"column":42},"end":{"line":64,"column":65}},"23":{"start":{"line":65,"column":42},"end":{"line":65,"column":65}},"24":{"start":{"line":67,"column":6},"end":{"line":73,"column":7}},"25":{"start":{"line":69,"column":8},"end":{"line":69,"column":94}},"26":{"start":{"line":72,"column":8},"end":{"line":72,"column":118}},"27":{"start":{"line":76,"column":6},"end":{"line":82,"column":7}},"28":{"start":{"line":78,"column":8},"end":{"line":81,"column":9}},"29":{"start":{"line":79,"column":10},"end":{"line":79,"column":42}},"30":{"start":{"line":85,"column":43},"end":{"line":85,"column":66}},"31":{"start":{"line":86,"column":43},"end":{"line":86,"column":66}},"32":{"start":{"line":88,"column":6},"end":{"line":93,"column":7}},"33":{"start":{"line":89,"column":8},"end":{"line":89,"column":92}},"34":{"start":{"line":92,"column":8},"end":{"line":92,"column":120}},"35":{"start":{"line":96,"column":6},"end":{"line":135,"column":7}},"36":{"start":{"line":98,"column":8},"end":{"line":98,"column":50}},"37":{"start":{"line":101,"column":24},"end":{"line":101,"column":26}},"38":{"start":{"line":104,"column":8},"end":{"line":106,"column":9}},"39":{"start":{"line":105,"column":10},"end":{"line":105,"column":38}},"40":{"start":{"line":109,"column":8},"end":{"line":131,"column":9}},"41":{"start":{"line":111,"column":33},"end":{"line":111,"column":35}},"42":{"start":{"line":115,"column":10},"end":{"line":115,"column":75}},"43":{"start":{"line":115,"column":39},"end":{"line":115,"column":71}},"44":{"start":{"line":118,"column":10},"end":{"line":118,"column":32}},"45":{"start":{"line":119,"column":15},"end":{"line":131,"column":9}},"46":{"start":{"line":122,"column":23},"end":{"line":122,"column":27}},"47":{"start":{"line":125,"column":10},"end":{"line":125,"column":20}},"48":{"start":{"line":127,"column":10},"end":{"line":127,"column":26}},"49":{"start":{"line":130,"column":10},"end":{"line":130,"column":20}},"50":{"start":{"line":134,"column":8},"end":{"line":134,"column":18}},"51":{"start":{"line":138,"column":6},"end":{"line":138,"column":44}},"52":{"start":{"line":138,"column":32},"end":{"line":138,"column":42}},"53":{"start":{"line":141,"column":6},"end":{"line":141,"column":29}},"54":{"start":{"line":144,"column":6},"end":{"line":149,"column":7}},"55":{"start":{"line":145,"column":8},"end":{"line":145,"column":22}},"56":{"start":{"line":148,"column":8},"end":{"line":148,"column":53}},"57":{"start":{"line":152,"column":6},"end":{"line":152,"column":66}},"58":{"start":{"line":155,"column":6},"end":{"line":155,"column":12}},"59":{"start":{"line":160,"column":14},"end":{"line":160,"column":73}},"60":{"start":{"line":160,"column":38},"end":{"line":160,"column":70}},"61":{"start":{"line":162,"column":4},"end":{"line":170,"column":5}},"62":{"start":{"line":163,"column":6},"end":{"line":163,"column":28}},"63":{"start":{"line":165,"column":6},"end":{"line":165,"column":63}},"64":{"start":{"line":165,"column":38},"end":{"line":165,"column":61}},"65":{"start":{"line":169,"column":6},"end":{"line":169,"column":29}},"66":{"start":{"line":173,"column":4},"end":{"line":173,"column":69}},"67":{"start":{"line":173,"column":34},"end":{"line":173,"column":65}},"68":{"start":{"line":175,"column":4},"end":{"line":185,"column":5}},"69":{"start":{"line":177,"column":6},"end":{"line":181,"column":7}},"70":{"start":{"line":178,"column":8},"end":{"line":178,"column":46}},"71":{"start":{"line":184,"column":6},"end":{"line":184,"column":62}},"72":{"start":{"line":184,"column":38},"end":{"line":184,"column":60}},"73":{"start":{"line":188,"column":4},"end":{"line":188,"column":30}},"74":{"start":{"line":190,"column":4},"end":{"line":190,"column":17}},"75":{"start":{"line":194,"column":0},"end":{"line":194,"column":28}}},"fnMap":{"0":{"name":"(anonymous_0)","decl":{"start":{"line":15,"column":2},"end":{"line":15,"column":3}},"loc":{"start":{"line":15,"column":30},"end":{"line":191,"column":3}},"line":15},"1":{"name":"(anonymous_1)","decl":{"start":{"line":19,"column":21},"end":{"line":19,"column":22}},"loc":{"start":{"line":19,"column":28},"end":{"line":21,"column":5}},"line":19},"2":{"name":"(anonymous_2)","decl":{"start":{"line":49,"column":28},"end":{"line":49,"column":29}},"loc":{"start":{"line":49,"column":41},"end":{"line":156,"column":5}},"line":49},"3":{"name":"(anonymous_3)","decl":{"start":{"line":115,"column":28},"end":{"line":115,"column":29}},"loc":{"start":{"line":115,"column":37},"end":{"line":115,"column":73}},"line":115},"4":{"name":"(anonymous_4)","decl":{"start":{"line":138,"column":25},"end":{"line":138,"column":26}},"loc":{"start":{"line":138,"column":32},"end":{"line":138,"column":42}},"line":138},"5":{"name":"(anonymous_5)","decl":{"start":{"line":160,"column":28},"end":{"line":160,"column":29}},"loc":{"start":{"line":160,"column":36},"end":{"line":160,"column":72}},"line":160},"6":{"name":"(anonymous_6)","decl":{"start":{"line":165,"column":33},"end":{"line":165,"column":34}},"loc":{"start":{"line":165,"column":38},"end":{"line":165,"column":61}},"line":165},"7":{"name":"(anonymous_7)","decl":{"start":{"line":173,"column":24},"end":{"line":173,"column":25}},"loc":{"start":{"line":173,"column":32},"end":{"line":173,"column":67}},"line":173},"8":{"name":"(anonymous_8)","decl":{"start":{"line":184,"column":33},"end":{"line":184,"column":34}},"loc":{"start":{"line":184,"column":38},"end":{"line":184,"column":60}},"line":184}},"branchMap":{"0":{"loc":{"start":{"line":24,"column":4},"end":{"line":26,"column":5}},"type":"if","locations":[{"start":{"line":24,"column":4},"end":{"line":26,"column":5}},{"start":{"line":24,"column":4},"end":{"line":26,"column":5}}],"line":24},"1":{"loc":{"start":{"line":33,"column":4},"end":{"line":37,"column":5}},"type":"if","locations":[{"start":{"line":33,"column":4},"end":{"line":37,"column":5}},{"start":{"line":33,"column":4},"end":{"line":37,"column":5}}],"line":33},"2":{"loc":{"start":{"line":33,"column":8},"end":{"line":33,"column":58}},"type":"binary-expr","locations":[{"start":{"line":33,"column":8},"end":{"line":33,"column":31}},{"start":{"line":33,"column":35},"end":{"line":33,"column":58}}],"line":33},"3":{"loc":{"start":{"line":67,"column":6},"end":{"line":73,"column":7}},"type":"if","locations":[{"start":{"line":67,"column":6},"end":{"line":73,"column":7}},{"start":{"line":67,"column":6},"end":{"line":73,"column":7}}],"line":67},"4":{"loc":{"start":{"line":67,"column":10},"end":{"line":67,"column":82}},"type":"binary-expr","locations":[{"start":{"line":67,"column":10},"end":{"line":67,"column":44}},{"start":{"line":67,"column":48},"end":{"line":67,"column":82}}],"line":67},"5":{"loc":{"start":{"line":76,"column":6},"end":{"line":82,"column":7}},"type":"if","locations":[{"start":{"line":76,"column":6},"end":{"line":82,"column":7}},{"start":{"line":76,"column":6},"end":{"line":82,"column":7}}],"line":76},"6":{"loc":{"start":{"line":88,"column":6},"end":{"line":93,"column":7}},"type":"if","locations":[{"start":{"line":88,"column":6},"end":{"line":93,"column":7}},{"start":{"line":88,"column":6},"end":{"line":93,"column":7}}],"line":88},"7":{"loc":{"start":{"line":88,"column":10},"end":{"line":88,"column":84}},"type":"binary-expr","locations":[{"start":{"line":88,"column":10},"end":{"line":88,"column":45}},{"start":{"line":88,"column":49},"end":{"line":88,"column":84}}],"line":88},"8":{"loc":{"start":{"line":96,"column":6},"end":{"line":135,"column":7}},"type":"if","locations":[{"start":{"line":96,"column":6},"end":{"line":135,"column":7}},{"start":{"line":96,"column":6},"end":{"line":135,"column":7}}],"line":96},"9":{"loc":{"start":{"line":104,"column":8},"end":{"line":106,"column":9}},"type":"if","locations":[{"start":{"line":104,"column":8},"end":{"line":106,"column":9}},{"start":{"line":104,"column":8},"end":{"line":106,"column":9}}],"line":104},"10":{"loc":{"start":{"line":109,"column":8},"end":{"line":131,"column":9}},"type":"if","locations":[{"start":{"line":109,"column":8},"end":{"line":131,"column":9}},{"start":{"line":109,"column":8},"end":{"line":131,"column":9}}],"line":109},"11":{"loc":{"start":{"line":119,"column":15},"end":{"line":131,"column":9}},"type":"if","locations":[{"start":{"line":119,"column":15},"end":{"line":131,"column":9}},{"start":{"line":119,"column":15},"end":{"line":131,"column":9}}],"line":119},"12":{"loc":{"start":{"line":144,"column":6},"end":{"line":149,"column":7}},"type":"if","locations":[{"start":{"line":144,"column":6},"end":{"line":149,"column":7}},{"start":{"line":144,"column":6},"end":{"line":149,"column":7}}],"line":144},"13":{"loc":{"start":{"line":162,"column":4},"end":{"line":170,"column":5}},"type":"if","locations":[{"start":{"line":162,"column":4},"end":{"line":170,"column":5}},{"start":{"line":162,"column":4},"end":{"line":170,"column":5}}],"line":162},"14":{"loc":{"start":{"line":175,"column":4},"end":{"line":185,"column":5}},"type":"if","locations":[{"start":{"line":175,"column":4},"end":{"line":185,"column":5}},{"start":{"line":175,"column":4},"end":{"line":185,"column":5}}],"line":175}},"s":{"0":6,"1":6,"2":34,"3":34,"4":34,"5":34,"6":2,"7":32,"8":32,"9":32,"10":2,"11":30,"12":32,"13":32,"14":32,"15":32,"16":140,"17":140,"18":140,"19":140,"20":140,"21":140,"22":140,"23":140,"24":140,"25":26,"26":26,"27":140,"28":26,"29":26,"30":140,"31":140,"32":140,"33":43,"34":43,"35":140,"36":43,"37":43,"38":43,"39":41,"40":43,"41":8,"42":8,"43":18,"44":8,"45":35,"46":33,"47":33,"48":33,"49":2,"50":97,"51":140,"52":51,"53":140,"54":140,"55":138,"56":2,"57":138,"58":138,"59":30,"60":30,"61":30,"62":27,"63":27,"64":135,"65":3,"66":30,"67":78,"68":30,"69":26,"70":26,"71":26,"72":103,"73":30,"74":30,"75":6},"f":{"0":34,"1":34,"2":140,"3":18,"4":51,"5":30,"6":135,"7":78,"8":103},"b":{"0":[2,32],"1":[2,30],"2":[32,2],"3":[26,114],"4":[140,26],"5":[26,114],"6":[43,97],"7":[140,43],"8":[43,97],"9":[41,2],"10":[8,35],"11":[33,2],"12":[138,2],"13":[27,3],"14":[26,4]},"_coverageSchema":"1a1c01bbd47fc00a2c39e90264f33305004495a9","hash":"f7a32c6912d842ec460437f35cd46edbf1198a49"}
,"/Users/dancox/Projects/extwee/src/TweeWriter.js": {"path":"/Users/dancox/Projects/extwee/src/TweeWriter.js","statementMap":{"0":{"start":{"line":6,"column":11},"end":{"line":6,"column":24}},"1":{"start":{"line":7,"column":14},"end":{"line":7,"column":35}},"2":{"start":{"line":22,"column":4},"end":{"line":24,"column":5}},"3":{"start":{"line":23,"column":6},"end":{"line":23,"column":45}},"4":{"start":{"line":27,"column":25},"end":{"line":27,"column":64}},"5":{"start":{"line":30,"column":4},"end":{"line":30,"column":39}},"6":{"start":{"line":33,"column":4},"end":{"line":39,"column":5}},"7":{"start":{"line":35,"column":6},"end":{"line":35,"column":75}},"8":{"start":{"line":38,"column":6},"end":{"line":38,"column":59}},"9":{"start":{"line":42,"column":4},"end":{"line":42,"column":29}},"10":{"start":{"line":45,"column":4},"end":{"line":71,"column":5}},"11":{"start":{"line":47,"column":6},"end":{"line":67,"column":7}},"12":{"start":{"line":49,"column":8},"end":{"line":49,"column":63}},"13":{"start":{"line":52,"column":8},"end":{"line":60,"column":9}},"14":{"start":{"line":53,"column":10},"end":{"line":53,"column":33}},"15":{"start":{"line":55,"column":10},"end":{"line":57,"column":11}},"16":{"start":{"line":56,"column":12},"end":{"line":56,"column":40}},"17":{"start":{"line":59,"column":10},"end":{"line":59,"column":32}},"18":{"start":{"line":63,"column":8},"end":{"line":63,"column":75}},"19":{"start":{"line":66,"column":8},"end":{"line":66,"column":71}},"20":{"start":{"line":70,"column":6},"end":{"line":70,"column":37}},"21":{"start":{"line":73,"column":4},"end":{"line":79,"column":5}},"22":{"start":{"line":75,"column":6},"end":{"line":75,"column":45}},"23":{"start":{"line":78,"column":6},"end":{"line":78,"column":56}},"24":{"start":{"line":83,"column":0},"end":{"line":83,"column":28}}},"fnMap":{"0":{"name":"(anonymous_0)","decl":{"start":{"line":21,"column":2},"end":{"line":21,"column":3}},"loc":{"start":{"line":21,"column":29},"end":{"line":80,"column":3}},"line":21}},"branchMap":{"0":{"loc":{"start":{"line":22,"column":4},"end":{"line":24,"column":5}},"type":"if","locations":[{"start":{"line":22,"column":4},"end":{"line":24,"column":5}},{"start":{"line":22,"column":4},"end":{"line":24,"column":5}}],"line":22},"1":{"loc":{"start":{"line":33,"column":4},"end":{"line":39,"column":5}},"type":"if","locations":[{"start":{"line":33,"column":4},"end":{"line":39,"column":5}},{"start":{"line":33,"column":4},"end":{"line":39,"column":5}}],"line":33},"2":{"loc":{"start":{"line":45,"column":4},"end":{"line":71,"column":5}},"type":"if","locations":[{"start":{"line":45,"column":4},"end":{"line":71,"column":5}},{"start":{"line":45,"column":4},"end":{"line":71,"column":5}}],"line":45},"3":{"loc":{"start":{"line":52,"column":8},"end":{"line":60,"column":9}},"type":"if","locations":[{"start":{"line":52,"column":8},"end":{"line":60,"column":9}},{"start":{"line":52,"column":8},"end":{"line":60,"column":9}}],"line":52}},"s":{"0":3,"1":3,"2":13,"3":2,"4":11,"5":11,"6":11,"7":9,"8":2,"9":9,"10":9,"11":5,"12":7,"13":7,"14":2,"15":2,"16":4,"17":2,"18":7,"19":7,"20":4,"21":9,"22":9,"23":2,"24":3},"f":{"0":13},"b":{"0":[2,11],"1":[9,2],"2":[5,4],"3":[2,5]},"_coverageSchema":"1a1c01bbd47fc00a2c39e90264f33305004495a9","hash":"6f0b4122d68da0f77f0337e0ab90b0bc55e39554"}
}
