{"/Users/dancox/Projects/extwee/src/Passage.js": {"path":"/Users/dancox/Projects/extwee/src/Passage.js","statementMap":{"0":{"start":{"line":11,"column":11},"end":{"line":11,"column":13}},"1":{"start":{"line":18,"column":11},"end":{"line":18,"column":13}},"2":{"start":{"line":25,"column":15},"end":{"line":25,"column":17}},"3":{"start":{"line":32,"column":11},"end":{"line":32,"column":13}},"4":{"start":{"line":39,"column":10},"end":{"line":39,"column":12}},"5":{"start":{"line":52,"column":4},"end":{"line":52,"column":21}},"6":{"start":{"line":55,"column":4},"end":{"line":55,"column":21}},"7":{"start":{"line":58,"column":4},"end":{"line":58,"column":29}},"8":{"start":{"line":61,"column":4},"end":{"line":61,"column":21}},"9":{"start":{"line":64,"column":4},"end":{"line":64,"column":19}},"10":{"start":{"line":74,"column":16},"end":{"line":74,"column":35}},"11":{"start":{"line":80,"column":4},"end":{"line":84,"column":5}},"12":{"start":{"line":81,"column":6},"end":{"line":81,"column":22}},"13":{"start":{"line":83,"column":6},"end":{"line":83,"column":48}},"14":{"start":{"line":94,"column":16},"end":{"line":94,"column":35}},"15":{"start":{"line":101,"column":4},"end":{"line":105,"column":5}},"16":{"start":{"line":102,"column":6},"end":{"line":102,"column":22}},"17":{"start":{"line":104,"column":6},"end":{"line":104,"column":48}},"18":{"start":{"line":115,"column":20},"end":{"line":115,"column":43}},"19":{"start":{"line":122,"column":4},"end":{"line":126,"column":5}},"20":{"start":{"line":123,"column":6},"end":{"line":123,"column":26}},"21":{"start":{"line":125,"column":6},"end":{"line":125,"column":63}},"22":{"start":{"line":136,"column":16},"end":{"line":136,"column":35}},"23":{"start":{"line":143,"column":4},"end":{"line":147,"column":5}},"24":{"start":{"line":144,"column":6},"end":{"line":144,"column":22}},"25":{"start":{"line":146,"column":6},"end":{"line":146,"column":50}},"26":{"start":{"line":157,"column":15},"end":{"line":157,"column":33}},"27":{"start":{"line":164,"column":4},"end":{"line":168,"column":5}},"28":{"start":{"line":165,"column":6},"end":{"line":165,"column":21}},"29":{"start":{"line":167,"column":6},"end":{"line":167,"column":49}}},"fnMap":{"0":{"name":"(anonymous_0)","decl":{"start":{"line":50,"column":2},"end":{"line":50,"column":3}},"loc":{"start":{"line":50,"column":73},"end":{"line":65,"column":3}},"line":50},"1":{"name":"(anonymous_1)","decl":{"start":{"line":74,"column":2},"end":{"line":74,"column":3}},"loc":{"start":{"line":74,"column":14},"end":{"line":74,"column":37}},"line":74},"2":{"name":"(anonymous_2)","decl":{"start":{"line":79,"column":2},"end":{"line":79,"column":3}},"loc":{"start":{"line":79,"column":15},"end":{"line":85,"column":3}},"line":79},"3":{"name":"(anonymous_3)","decl":{"start":{"line":94,"column":2},"end":{"line":94,"column":3}},"loc":{"start":{"line":94,"column":14},"end":{"line":94,"column":37}},"line":94},"4":{"name":"(anonymous_4)","decl":{"start":{"line":99,"column":2},"end":{"line":99,"column":3}},"loc":{"start":{"line":99,"column":15},"end":{"line":106,"column":3}},"line":99},"5":{"name":"(anonymous_5)","decl":{"start":{"line":115,"column":2},"end":{"line":115,"column":3}},"loc":{"start":{"line":115,"column":18},"end":{"line":115,"column":45}},"line":115},"6":{"name":"(anonymous_6)","decl":{"start":{"line":120,"column":2},"end":{"line":120,"column":3}},"loc":{"start":{"line":120,"column":19},"end":{"line":127,"column":3}},"line":120},"7":{"name":"(anonymous_7)","decl":{"start":{"line":136,"column":2},"end":{"line":136,"column":3}},"loc":{"start":{"line":136,"column":14},"end":{"line":136,"column":37}},"line":136},"8":{"name":"(anonymous_8)","decl":{"start":{"line":141,"column":2},"end":{"line":141,"column":3}},"loc":{"start":{"line":141,"column":15},"end":{"line":148,"column":3}},"line":141},"9":{"name":"(anonymous_9)","decl":{"start":{"line":157,"column":2},"end":{"line":157,"column":3}},"loc":{"start":{"line":157,"column":13},"end":{"line":157,"column":35}},"line":157},"10":{"name":"(anonymous_10)","decl":{"start":{"line":162,"column":2},"end":{"line":162,"column":3}},"loc":{"start":{"line":162,"column":14},"end":{"line":169,"column":3}},"line":162}},"branchMap":{"0":{"loc":{"start":{"line":50,"column":15},"end":{"line":50,"column":24}},"type":"default-arg","locations":[{"start":{"line":50,"column":22},"end":{"line":50,"column":24}}],"line":50},"1":{"loc":{"start":{"line":50,"column":26},"end":{"line":50,"column":35}},"type":"default-arg","locations":[{"start":{"line":50,"column":33},"end":{"line":50,"column":35}}],"line":50},"2":{"loc":{"start":{"line":50,"column":37},"end":{"line":50,"column":50}},"type":"default-arg","locations":[{"start":{"line":50,"column":48},"end":{"line":50,"column":50}}],"line":50},"3":{"loc":{"start":{"line":50,"column":52},"end":{"line":50,"column":61}},"type":"default-arg","locations":[{"start":{"line":50,"column":59},"end":{"line":50,"column":61}}],"line":50},"4":{"loc":{"start":{"line":50,"column":63},"end":{"line":50,"column":71}},"type":"default-arg","locations":[{"start":{"line":50,"column":69},"end":{"line":50,"column":71}}],"line":50},"5":{"loc":{"start":{"line":80,"column":4},"end":{"line":84,"column":5}},"type":"if","locations":[{"start":{"line":80,"column":4},"end":{"line":84,"column":5}},{"start":{"line":80,"column":4},"end":{"line":84,"column":5}}],"line":80},"6":{"loc":{"start":{"line":101,"column":4},"end":{"line":105,"column":5}},"type":"if","locations":[{"start":{"line":101,"column":4},"end":{"line":105,"column":5}},{"start":{"line":101,"column":4},"end":{"line":105,"column":5}}],"line":101},"7":{"loc":{"start":{"line":122,"column":4},"end":{"line":126,"column":5}},"type":"if","locations":[{"start":{"line":122,"column":4},"end":{"line":126,"column":5}},{"start":{"line":122,"column":4},"end":{"line":126,"column":5}}],"line":122},"8":{"loc":{"start":{"line":143,"column":4},"end":{"line":147,"column":5}},"type":"if","locations":[{"start":{"line":143,"column":4},"end":{"line":147,"column":5}},{"start":{"line":143,"column":4},"end":{"line":147,"column":5}}],"line":143},"9":{"loc":{"start":{"line":164,"column":4},"end":{"line":168,"column":5}},"type":"if","locations":[{"start":{"line":164,"column":4},"end":{"line":168,"column":5}},{"start":{"line":164,"column":4},"end":{"line":168,"column":5}}],"line":164}},"s":{"0":11,"1":11,"2":11,"3":11,"4":11,"5":11,"6":11,"7":11,"8":11,"9":11,"10":2,"11":13,"12":12,"13":1,"14":2,"15":13,"16":12,"17":1,"18":2,"19":13,"20":12,"21":1,"22":2,"23":13,"24":12,"25":1,"26":2,"27":13,"28":12,"29":1},"f":{"0":11,"1":2,"2":13,"3":2,"4":13,"5":2,"6":13,"7":2,"8":13,"9":2,"10":13},"b":{"0":[11],"1":[11],"2":[11],"3":[11],"4":[11],"5":[12,1],"6":[12,1],"7":[12,1],"8":[12,1],"9":[12,1]},"_coverageSchema":"1a1c01bbd47fc00a2c39e90264f33305004495a9","hash":"a2d4c793bdab785a84bdfce54f1930e7b9aa5855"}
}
