TN:
SF:src/FileReader.js
FN:14,(anonymous_0)
FNF:1
FNH:1
FNDA:53,(anonymous_0)
DA:1,7
DA:16,53
DA:19,53
DA:21,52
DA:23,1
DA:27,52
DA:31,7
LF:7
LH:7
BRDA:19,0,0,52
BRDA:19,0,1,1
BRF:2
BRH:2
end_of_record
TN:
SF:src/HTMLParser.js
FN:21,(anonymous_0)
FN:107,(anonymous_1)
FN:184,(anonymous_2)
FNF:3
FNH:3
FNDA:12,(anonymous_0)
FNDA:33,(anonymous_1)
FNDA:31,(anonymous_2)
DA:6,2
DA:7,2
DA:8,2
DA:9,2
DA:22,12
DA:27,12
DA:37,12
DA:39,12
DA:40,11
DA:41,11
DA:42,11
DA:43,11
DA:45,11
DA:46,11
DA:47,11
DA:48,11
DA:49,11
DA:50,11
DA:52,1
DA:56,11
DA:59,11
DA:62,11
DA:65,11
DA:76,11
DA:79,11
DA:81,23
DA:83,23
DA:86,23
DA:89,23
DA:92,23
DA:95,23
DA:99,23
DA:100,7
DA:104,23
DA:107,33
DA:110,23
DA:124,23
DA:128,11
DA:132,11
DA:134,3
DA:145,11
DA:149,11
DA:151,3
DA:163,11
DA:166,11
DA:175,11
DA:186,31
DA:188,31
DA:190,31
DA:192,31
DA:194,31
DA:196,31
DA:200,2
LF:53
LH:53
BRDA:39,0,0,11
BRDA:39,0,1,1
BRDA:99,1,0,7
BRDA:99,1,1,16
BRDA:99,2,0,23
BRDA:99,2,1,7
BRDA:132,3,0,3
BRDA:132,3,1,8
BRDA:149,4,0,3
BRDA:149,4,1,8
BRF:10
BRH:10
end_of_record
TN:
SF:src/HTMLWriter.js
FN:27,(anonymous_0)
FNF:1
FNH:1
FNDA:13,(anonymous_0)
DA:8,1
DA:9,1
DA:10,1
DA:28,13
DA:29,1
DA:32,12
DA:33,1
DA:36,11
DA:40,11
DA:51,11
DA:54,11
DA:57,11
DA:58,2
DA:62,11
DA:63,2
DA:66,11
DA:69,11
DA:72,11
DA:75,11
DA:76,1
DA:80,11
DA:81,2
DA:84,11
DA:88,11
DA:92,11
DA:95,11
DA:96,23
DA:99,23
DA:100,5
DA:102,5
DA:103,10
DA:106,5
DA:107,18
DA:108,2
DA:110,16
DA:114,23
DA:115,8
DA:120,15
DA:124,23
DA:125,6
DA:130,17
DA:133,23
DA:136,11
DA:139,11
DA:142,11
DA:144,11
DA:146,11
DA:148,11
DA:151,1
DA:156,1
LF:50
LH:50
BRDA:28,0,0,1
BRDA:28,0,1,12
BRDA:32,1,0,1
BRDA:32,1,1,11
BRDA:57,2,0,2
BRDA:57,2,1,9
BRDA:75,3,0,1
BRDA:75,3,1,10
BRDA:99,4,0,5
BRDA:99,4,1,18
BRDA:107,5,0,2
BRDA:107,5,1,16
BRDA:114,6,0,8
BRDA:114,6,1,15
BRDA:124,7,0,6
BRDA:124,7,1,17
BRF:16
BRH:16
end_of_record
TN:
SF:src/Passage.js
FN:15,(anonymous_0)
FNF:1
FNH:1
FNDA:172,(anonymous_0)
DA:16,172
DA:17,172
DA:18,172
DA:19,172
DA:20,172
DA:24,6
LF:6
LH:6
BRDA:15,0,0,1
BRDA:15,1,0,1
BRDA:15,2,0,1
BRDA:15,3,0,3
BRDA:15,4,0,20
BRF:5
BRH:5
end_of_record
TN:
SF:src/Story.js
FN:11,(anonymous_0)
FN:34,(anonymous_1)
FN:38,(anonymous_2)
FN:39,(anonymous_3)
FN:54,(anonymous_4)
FN:58,(anonymous_5)
FN:59,(anonymous_6)
FN:75,(anonymous_7)
FN:77,(anonymous_8)
FN:89,(anonymous_9)
FNF:10
FNH:10
FNDA:51,(anonymous_0)
FNDA:15,(anonymous_1)
FNDA:41,(anonymous_2)
FNDA:27,(anonymous_3)
FNDA:16,(anonymous_4)
FNDA:44,(anonymous_5)
FNDA:29,(anonymous_6)
FNDA:24,(anonymous_7)
FNDA:57,(anonymous_8)
FNDA:25,(anonymous_9)
DA:1,5
DA:12,51
DA:13,51
DA:21,51
DA:24,51
DA:25,51
DA:35,15
DA:37,15
DA:38,14
DA:39,41
DA:41,41
DA:45,15
DA:55,16
DA:57,16
DA:58,15
DA:59,44
DA:61,44
DA:65,16
DA:76,24
DA:77,23
DA:78,57
DA:90,25
DA:91,25
DA:93,25
DA:96,13
DA:97,12
DA:101,25
DA:102,24
DA:103,73
DA:104,1
DA:105,1
DA:108,72
DA:109,23
DA:114,25
DA:115,1
DA:117,24
DA:122,5
LF:37
LH:37
BRDA:37,0,0,14
BRDA:37,0,1,1
BRDA:57,1,0,15
BRDA:57,1,1,1
BRDA:76,2,0,23
BRDA:76,2,1,1
BRDA:93,3,0,13
BRDA:93,3,1,12
BRDA:96,4,0,12
BRDA:96,4,1,1
BRDA:101,5,0,24
BRDA:101,5,1,1
BRDA:103,6,0,1
BRDA:103,6,1,72
BRDA:108,7,0,23
BRDA:108,7,1,49
BRDA:114,8,0,1
BRDA:114,8,1,24
BRF:18
BRH:18
end_of_record
TN:
SF:src/StoryFormat.js
FN:11,(anonymous_0)
FNF:1
FNH:1
FNDA:16,(anonymous_0)
DA:12,16
DA:13,15
DA:14,15
DA:15,15
DA:16,15
DA:17,15
DA:18,15
DA:19,15
DA:20,15
DA:21,15
DA:23,1
DA:28,3
LF:12
LH:12
BRDA:12,0,0,15
BRDA:12,0,1,1
BRDA:13,1,0,15
BRDA:13,1,1,1
BRDA:14,2,0,15
BRDA:14,2,1,2
BRDA:15,3,0,15
BRDA:15,3,1,2
BRDA:16,4,0,15
BRDA:16,4,1,2
BRDA:17,5,0,15
BRDA:17,5,1,2
BRDA:18,6,0,15
BRDA:18,6,1,2
BRDA:19,7,0,15
BRDA:19,7,1,14
BRDA:20,8,0,15
BRDA:20,8,1,15
BRDA:21,9,0,15
BRDA:21,9,1,2
BRF:20
BRH:20
end_of_record
TN:
SF:src/StoryFormatParser.js
FN:14,(anonymous_0)
FNF:1
FNH:1
FNDA:15,(anonymous_0)
DA:1,2
DA:2,2
DA:15,15
DA:18,15
DA:20,15
DA:22,1
DA:23,1
DA:27,15
DA:29,15
DA:33,15
DA:35,1
DA:38,14
DA:41,14
DA:43,14
DA:44,14
DA:46,1
DA:49,13
DA:53,2
LF:18
LH:18
BRDA:20,0,0,1
BRDA:20,0,1,14
BRDA:33,1,0,1
BRDA:33,1,1,14
BRDA:33,2,0,15
BRDA:33,2,1,14
BRF:6
BRH:6
end_of_record
TN:
SF:src/TweeParser.js
FN:15,(anonymous_0)
FN:19,(anonymous_1)
FN:49,(anonymous_2)
FN:115,(anonymous_3)
FN:138,(anonymous_4)
FN:160,(anonymous_5)
FN:165,(anonymous_6)
FN:173,(anonymous_7)
FN:184,(anonymous_8)
FNF:9
FNH:9
FNDA:29,(anonymous_0)
FNDA:29,(anonymous_1)
FNDA:120,(anonymous_2)
FNDA:15,(anonymous_3)
FNDA:46,(anonymous_4)
FNDA:25,(anonymous_5)
FNDA:115,(anonymous_6)
FNDA:69,(anonymous_7)
FNDA:93,(anonymous_8)
DA:1,4
DA:2,4
DA:16,29
DA:19,29
DA:20,29
DA:24,29
DA:25,2
DA:28,27
DA:29,27
DA:33,27
DA:34,2
DA:36,25
DA:40,27
DA:43,27
DA:46,27
DA:49,27
DA:51,120
DA:52,120
DA:53,120
DA:54,120
DA:57,120
DA:61,120
DA:64,120
DA:65,120
DA:67,120
DA:69,21
DA:72,21
DA:76,120
DA:78,21
DA:79,21
DA:85,120
DA:86,120
DA:88,120
DA:89,40
DA:92,40
DA:96,120
DA:98,40
DA:101,40
DA:104,40
DA:105,38
DA:109,40
DA:111,7
DA:115,15
DA:118,7
DA:119,33
DA:122,31
DA:125,31
DA:127,31
DA:130,2
DA:134,80
DA:138,120
DA:141,120
DA:144,120
DA:145,118
DA:148,2
DA:152,118
DA:155,118
DA:160,25
DA:162,25
DA:163,22
DA:165,115
DA:169,3
DA:173,69
DA:175,25
DA:177,22
DA:178,22
DA:184,93
DA:188,25
DA:190,25
DA:194,4
LF:70
LH:70
BRDA:24,0,0,2
BRDA:24,0,1,27
BRDA:33,1,0,2
BRDA:33,1,1,25
BRDA:33,2,0,27
BRDA:33,2,1,2
BRDA:67,3,0,21
BRDA:67,3,1,99
BRDA:67,4,0,120
BRDA:67,4,1,21
BRDA:76,5,0,21
BRDA:76,5,1,99
BRDA:88,6,0,40
BRDA:88,6,1,80
BRDA:88,7,0,120
BRDA:88,7,1,40
BRDA:96,8,0,40
BRDA:96,8,1,80
BRDA:104,9,0,38
BRDA:104,9,1,2
BRDA:109,10,0,7
BRDA:109,10,1,33
BRDA:119,11,0,31
BRDA:119,11,1,2
BRDA:144,12,0,118
BRDA:144,12,1,2
BRDA:162,13,0,22
BRDA:162,13,1,3
BRDA:175,14,0,22
BRDA:175,14,1,3
BRF:30
BRH:30
end_of_record
TN:
SF:src/TweeWriter.js
FN:21,(anonymous_0)
FNF:1
FNH:1
FNDA:6,(anonymous_0)
DA:6,1
DA:7,1
DA:22,6
DA:23,1
DA:27,5
DA:30,5
DA:33,5
DA:35,4
DA:38,1
DA:42,4
DA:45,4
DA:47,2
DA:49,2
DA:52,2
DA:53,1
DA:55,1
DA:56,2
DA:59,1
DA:63,2
DA:66,2
DA:70,2
DA:73,4
DA:75,4
DA:78,1
DA:83,1
LF:25
LH:25
BRDA:22,0,0,1
BRDA:22,0,1,5
BRDA:33,1,0,4
BRDA:33,1,1,1
BRDA:45,2,0,2
BRDA:45,2,1,2
BRDA:52,3,0,1
BRDA:52,3,1,1
BRF:8
BRH:8
end_of_record
